ASSET AUDIT LOG
===============

Source: featuredProjectsData.ts
URL: https://res.cloudinary.com/dhjkbcdfm/image/upload/portfolio_projects/cover_feat-2.png
Status: OK
Action: None
--------------------
Source: featuredProjectsData.ts
URL: https://res.cloudinary.com/dhjkbcdfm/image/upload/portfolio_projects/cover_feat-3.png
Status: OK
Action: None
--------------------
Source: projectData.ts
URL: https://res.cloudinary.com/dhjkbcdfm/image/upload/v1771612531/portfolio_projects/cover_proj-19.png
Status: OK
Action: None
--------------------
Source: projectData.ts
URL: https://res.cloudinary.com/dhjkbcdfm/image/upload/v1771612559/portfolio_projects/cover_proj-22.png
Status: OK
Action: None
--------------------
Source: projectData.ts
URL: https://res.cloudinary.com/dhjkbcdfm/image/upload/v1771612494/portfolio_projects/cover_proj-15.png
Status: OK
Action: None
--------------------
Source: projectData.ts
URL: https://res.cloudinary.com/dhjkbcdfm/image/upload/v1771612572/portfolio_projects/cover_proj-24.png
Status: OK
Action: None
--------------------
Source: projectData.ts
URL: https://res.cloudinary.com/dhjkbcdfm/image/upload/v1771612374/portfolio_projects/cover_feat-2.png
Status: OK
Action: None
--------------------
Source: projectData.ts
URL: https://res.cloudinary.com/dhjkbcdfm/image/upload/v1773761879/portfolio_projects/cover_proj-10.png
Status: OK
Action: None
--------------------
Source: projectData.ts
URL: https://res.cloudinary.com/dhjkbcdfm/image/upload/v1771612420/portfolio_projects/cover_proj-6.png
Status: OK
Action: None
--------------------
Source: projectData.ts
URL: https://res.cloudinary.com/dhjkbcdfm/image/upload/v1771612564/portfolio_projects/cover_proj-23.png
Status: OK
Action: None
--------------------
Source: projectData.ts
URL: https://res.cloudinary.com/dhjkbcdfm/image/upload/v1771612414/portfolio_projects/cover_proj-5.png
Status: OK
Action: None
--------------------
Source: projectData.ts
URL: https://res.cloudinary.com/dhjkbcdfm/image/upload/v1771612513/portfolio_projects/cover_proj-17.png
Status: OK
Action: None
--------------------
Source: projectData.ts
URL: https://res.cloudinary.com/dhjkbcdfm/image/upload/v1773763852/portfolio_projects/Nexus.png
Status: OK
Action: None
--------------------
Source: projectData.ts
URL: https://res.cloudinary.com/dhjkbcdfm/image/upload/v1771612484/portfolio_projects/cover_proj-14.png
Status: OK
Action: None
--------------------
Source: projectData.ts
URL: https://res.cloudinary.com/dhjkbcdfm/image/upload/v1771612550/portfolio_projects/cover_proj-21.png
Status: OK
Action: None
--------------------
Source: projectData.ts
URL: https://res.cloudinary.com/dhjkbcdfm/image/upload/portfolio_projects/cover_feat-4.png
Status: OK
Action: None
--------------------
Source: projectData.ts
URL: https://res.cloudinary.com/dhjkbcdfm/image/upload/v1771612364/portfolio_projects/cover_feat-1.png
Status: OK
Action: None
--------------------
Source: projectData.ts
URL: https://res.cloudinary.com/dhjkbcdfm/image/upload/v1771612519/portfolio_projects/cover_proj-18.png
Status: OK
Action: None
--------------------
Source: projectData.ts
URL: https://res.cloudinary.com/dhjkbcdfm/image/upload/v1771612540/portfolio_projects/cover_proj-20.png
Status: OK
Action: None
--------------------
Source: projectData.ts
URL: https://res.cloudinary.com/dhjkbcdfm/image/upload/v1771612503/portfolio_projects/cover_proj-16.png
Status: OK
Action: None
--------------------
Source: featuredProjectsData.ts
URL: https://res.cloudinary.com/dhjkbcdfm/image/upload/v1773763852/portfolio_projects/Nexus.png
Status: OK
Action: None
--------------------
Source: featuredProjectsData.ts
URL: https://res.cloudinary.com/dhjkbcdfm/image/upload/portfolio_projects/cover_feat-5.png
Status: OK
Action: None
--------------------
Source: featuredProjectsData.ts
URL: https://res.cloudinary.com/dhjkbcdfm/image/upload/portfolio_projects/cover_feat-4.png
Status: OK
Action: None
--------------------
Source: projectData.ts
URL: https://res.cloudinary.com/dhjkbcdfm/image/upload/v1771612445/portfolio_projects/cover_proj-9.png
Status: OK
Action: None
--------------------
Source: projectData.ts
URL: https://res.cloudinary.com/dhjkbcdfm/image/upload/portfolio_projects/cover_feat-3.png
Status: OK
Action: None
--------------------
Source: projectData.ts
URL: https://res.cloudinary.com/dhjkbcdfm/image/upload/v1773763842/portfolio_projects/Famms.webp
Status: OK
Action: None
--------------------
Source: projectData.ts
URL: https://res.cloudinary.com/dhjkbcdfm/image/upload/v1771612434/portfolio_projects/cover_proj-8.png
Status: OK
Action: None
--------------------
Source: projectData.ts
URL: https://res.cloudinary.com/dhjkbcdfm/image/upload/v1771612409/portfolio_projects/cover_proj-4.png
Status: OK
Action: None
--------------------
Source: projectData.ts
URL: https://res.cloudinary.com/dhjkbcdfm/image/upload/v1771612402/portfolio_projects/cover_feat-5.png
Status: OK
Action: None
--------------------
Source: projectData.ts
URL: https://res.cloudinary.com/dhjkbcdfm/image/upload/v1771612424/portfolio_projects/cover_proj-7.png
Status: OK
Action: None
--------------------
Source: projectData.ts
URL: https://res.cloudinary.com/dhjkbcdfm/image/upload/v1771612475/portfolio_projects/cover_proj-13.png
Status: OK
Action: None
--------------------
